<?xml version="1.0" encoding="UTF-8"?>
<!-- Generated by org.testng.reporters.JUnitXMLReporter -->
<testsuite ignored="0" hostname="rnc-Ideapad-Z570" failures="0" tests="3" name="test_Runner" time="66.32" errors="0" timestamp="2023-05-28T03:16:08 IST">
  <testcase classname="test_Runner.Driver_Test" name="test1" time="14.643"/>
  <testcase classname="test_Runner.Driver_Test" name="test1" time="16.758"/>
  <testcase classname="test_Runner.Driver_Test" name="test1" time="7.675"/>
</testsuite> <!-- test_Runner -->
