<?xml version="1.0" encoding="UTF-8"?>
<!-- Generated by org.testng.reporters.JUnitXMLReporter -->
<testsuite ignored="0" hostname="rnc-Ideapad-Z570" failures="1" tests="1" name="POMTest" time="11.803" errors="0" timestamp="2023-05-27T11:31:30 IST">
  <testcase classname="runner.RunnerClass" name="test1" time="0.012">
    <failure type="java.lang.NullPointerException" message="Cannot invoke &amp;quot;org.openqa.selenium.WebDriver.findElement(org.openqa.selenium.By)&amp;quot; because &amp;quot;this.dr&amp;quot; is null">
      <![CDATA[java.lang.NullPointerException: Cannot invoke "org.openqa.selenium.WebDriver.findElement(org.openqa.selenium.By)" because "this.dr" is null
at pages.Page1.testSearch(Page1.java:12)
at runner.RunnerClass.test1(RunnerClass.java:16)
at java.base/java.util.ArrayList.forEach(ArrayList.java:1511)
... Removed 27 stack frames]]>
    </failure>
  </testcase> <!-- test1 -->
</testsuite> <!-- POMTest -->
