<?xml version="1.0" encoding="UTF-8"?>
<!-- Generated by org.testng.reporters.JUnitXMLReporter -->
<testsuite ignored="0" hostname="rnc-Ideapad-Z570" failures="0" tests="3" name="framework Test" time="41.367" errors="0" timestamp="2023-05-27T10:33:26 IST">
  <testcase classname="common.Setup_Teardown" name="test_1" time="18.944"/>
  <testcase classname="common.Setup_Teardown" name="test_2" time="14.806"/>
  <testcase classname="common.Setup_Teardown" name="test_3" time="7.56"/>
</testsuite> <!-- framework Test -->
