<?xml version="1.0" encoding="UTF-8"?>
<!-- Generated by org.testng.reporters.JUnitXMLReporter -->
<testsuite ignored="2" hostname="rnc-Ideapad-Z570" failures="0" tests="3" name="pom_Test" time="33.28" errors="0" timestamp="2023-05-29T22:52:58 IST">
  <testcase classname="test_Runner.Driver_Test" name="login" time="3.747"/>
  <testcase classname="test_Runner.Driver_Test" name="addUser" time="12.177"/>
  <testcase classname="test_Runner.Driver_Test" name="logout" time="1.485"/>
  <testcase classname="common.Setup_Teardown" name="@BeforeTest setup" time="0.0">
    <ignored/>
  </testcase> <!-- @BeforeTest setup -->
  <testcase classname="common.Setup_Teardown" name="@AfterTest teardown" time="0.0">
    <ignored/>
  </testcase> <!-- @AfterTest teardown -->
</testsuite> <!-- pom_Test -->
