<?xml version="1.0" encoding="UTF-8"?>
<!-- Generated by org.testng.reporters.JUnitXMLReporter -->
<testsuite ignored="2" hostname="rnc-Ideapad-Z570" failures="0" tests="3" name="pom_Test" time="54.007" errors="0" timestamp="2023-05-28T13:54:00 IST">
  <testcase classname="test_Runner.Driver_Test" name="test1" time="17.157"/>
  <testcase classname="test_Runner.Driver_Test" name="test1" time="25.411"/>
  <testcase classname="test_Runner.Driver_Test" name="test2" time="1.139"/>
  <testcase classname="common.Setup_Teardown" name="@BeforeTest setup" time="0.0">
    <ignored/>
  </testcase> <!-- @BeforeTest setup -->
  <testcase classname="common.Setup_Teardown" name="@AfterTest teardown" time="0.0">
    <ignored/>
  </testcase> <!-- @AfterTest teardown -->
</testsuite> <!-- pom_Test -->
