<?xml version="1.0" encoding="UTF-8"?>
<testng-results ignored="2" total="5" passed="3" failed="0" skipped="0">
  <reporter-output>
  </reporter-output>
  <suite started-at="2023-05-28T04:08:14 IST" name="pom_Suite" finished-at="2023-05-28T04:08:55 IST" duration-ms="40989">
    <groups>
    </groups>
    <test started-at="2023-05-28T04:08:14 IST" name="pom_Test" finished-at="2023-05-28T04:08:55 IST" duration-ms="40989">
      <class name="test_Runner.Driver_Test">
        <test-method signature="test1(java.lang.String)[pri:1, instance:test_Runner.Driver_Test@247d8ae]" started-at="2023-05-28T04:08:24 IST" name="test1" data-provider="provider" finished-at="2023-05-28T04:08:38 IST" duration-ms="14603" status="PASS">
          <params>
            <param index="0">
              <value>
                <![CDATA[ajit ]]>
              </value>
            </param>
          </params>
          <reporter-output>
          </reporter-output>
        </test-method> <!-- test1 -->
        <test-method signature="test1(java.lang.String)[pri:1, instance:test_Runner.Driver_Test@247d8ae]" started-at="2023-05-28T04:08:38 IST" name="test1" data-provider="provider" finished-at="2023-05-28T04:08:53 IST" duration-ms="15188" status="PASS">
          <params>
            <param index="0">
              <value>
                <![CDATA[ roshan]]>
              </value>
            </param>
          </params>
          <reporter-output>
          </reporter-output>
        </test-method> <!-- test1 -->
        <test-method signature="test2()[pri:2, instance:test_Runner.Driver_Test@247d8ae]" started-at="2023-05-28T04:08:53 IST" name="test2" finished-at="2023-05-28T04:08:55 IST" duration-ms="1155" status="PASS">
          <reporter-output>
          </reporter-output>
        </test-method> <!-- test2 -->
      </class> <!-- test_Runner.Driver_Test -->
      <class name="common.Setup_Teardown">
        <test-method is-config="true" signature="setup(java.lang.String)[pri:0, instance:common.Setup_Teardown@5ace1ed4]" started-at="2023-05-28T04:08:14 IST" name="setup" finished-at="2023-05-28T04:08:24 IST" duration-ms="9677" status="PASS">
          <params>
            <param index="0">
              <value>
                <![CDATA[https://www.google.com]]>
              </value>
            </param>
          </params>
          <reporter-output>
          </reporter-output>
        </test-method> <!-- setup -->
        <test-method is-config="true" signature="teardown()[pri:0, instance:common.Setup_Teardown@5ace1ed4]" started-at="2023-05-28T04:08:55 IST" name="teardown" finished-at="2023-05-28T04:08:55 IST" duration-ms="278" status="PASS">
          <reporter-output>
          </reporter-output>
        </test-method> <!-- teardown -->
      </class> <!-- common.Setup_Teardown -->
    </test> <!-- pom_Test -->
  </suite> <!-- pom_Suite -->
</testng-results>
