<?xml version="1.0" encoding="UTF-8"?>
<testng-results ignored="2" total="5" passed="3" failed="0" skipped="0">
  <reporter-output>
  </reporter-output>
  <suite started-at="2023-05-28T13:53:06 IST" name="pom_Suite" finished-at="2023-05-28T13:54:00 IST" duration-ms="54007">
    <groups>
    </groups>
    <test started-at="2023-05-28T13:53:06 IST" name="pom_Test" finished-at="2023-05-28T13:54:00 IST" duration-ms="54007">
      <class name="test_Runner.Driver_Test">
        <test-method signature="test1(java.lang.String)[pri:1, instance:test_Runner.Driver_Test@31e5415e]" started-at="2023-05-28T13:53:16 IST" name="test1" data-provider="provider" finished-at="2023-05-28T13:53:33 IST" duration-ms="17157" status="PASS">
          <params>
            <param index="0">
              <value>
                <![CDATA[ajit ]]>
              </value>
            </param>
          </params>
          <reporter-output>
          </reporter-output>
        </test-method> <!-- test1 -->
        <test-method signature="test1(java.lang.String)[pri:1, instance:test_Runner.Driver_Test@31e5415e]" started-at="2023-05-28T13:53:33 IST" name="test1" data-provider="provider" finished-at="2023-05-28T13:53:59 IST" duration-ms="25411" status="PASS">
          <params>
            <param index="0">
              <value>
                <![CDATA[ roshan]]>
              </value>
            </param>
          </params>
          <reporter-output>
          </reporter-output>
        </test-method> <!-- test1 -->
        <test-method signature="test2()[pri:2, instance:test_Runner.Driver_Test@31e5415e]" started-at="2023-05-28T13:53:59 IST" name="test2" finished-at="2023-05-28T13:54:00 IST" duration-ms="1139" status="PASS">
          <reporter-output>
          </reporter-output>
        </test-method> <!-- test2 -->
      </class> <!-- test_Runner.Driver_Test -->
      <class name="common.Setup_Teardown">
        <test-method is-config="true" signature="setup(java.lang.String)[pri:0, instance:common.Setup_Teardown@a3d8174]" started-at="2023-05-28T13:53:06 IST" name="setup" finished-at="2023-05-28T13:53:16 IST" duration-ms="9698" status="PASS">
          <params>
            <param index="0">
              <value>
                <![CDATA[https://www.google.com]]>
              </value>
            </param>
          </params>
          <reporter-output>
          </reporter-output>
        </test-method> <!-- setup -->
        <test-method is-config="true" signature="teardown()[pri:0, instance:common.Setup_Teardown@a3d8174]" started-at="2023-05-28T13:54:00 IST" name="teardown" finished-at="2023-05-28T13:54:00 IST" duration-ms="528" status="PASS">
          <reporter-output>
          </reporter-output>
        </test-method> <!-- teardown -->
      </class> <!-- common.Setup_Teardown -->
    </test> <!-- pom_Test -->
  </suite> <!-- pom_Suite -->
</testng-results>
